0 info it worked if it ends with ok
1 verbose cli [ '/usr/local/bin/node', '/usr/local/bin/npm', 'publish' ]
2 info using npm@3.5.2
3 info using node@v5.3.0
4 verbose publish [ '.' ]
5 silly cache add args [ '.', null ]
6 verbose cache add spec .
7 silly cache add parsed spec Result {
7 silly cache add   raw: '.',
7 silly cache add   scope: null,
7 silly cache add   name: null,
7 silly cache add   rawSpec: '.',
7 silly cache add   spec: '/home/slam/hack/gocode/src/github.com/securepollingsystem/client',
7 silly cache add   type: 'directory' }
8 verbose addLocalDirectory /home/slam/.npm/sps-client/1.0.0/package.tgz not in flight; packing
9 info lifecycle sps-client@1.0.0~prepublish: sps-client@1.0.0
10 silly lifecycle sps-client@1.0.0~prepublish: no script for prepublish, continuing
11 verbose tar pack [ '/home/slam/.npm/sps-client/1.0.0/package.tgz',
11 verbose tar pack   '/home/slam/hack/gocode/src/github.com/securepollingsystem/client' ]
12 verbose tarball /home/slam/.npm/sps-client/1.0.0/package.tgz
13 verbose folder /home/slam/hack/gocode/src/github.com/securepollingsystem/client
14 verbose addLocalTarball adding from inside cache /home/slam/.npm/sps-client/1.0.0/package.tgz
15 silly cache afterAdd sps-client@1.0.0
16 verbose afterAdd /home/slam/.npm/sps-client/1.0.0/package/package.json not in flight; writing
17 verbose afterAdd /home/slam/.npm/sps-client/1.0.0/package/package.json written
18 silly publish { name: 'sps-client',
18 silly publish   version: '1.0.0',
18 silly publish   description: 'This is a Node.js client for Secure Polling System. Works in the browser with help from browserify.',
18 silly publish   main: 'index.js',
18 silly publish   scripts: { test: 'echo "Error: no test specified" && exit 1' },
18 silly publish   author: '',
18 silly publish   license: 'BSD-3-Clause',
18 silly publish   dependencies: { eccrypto: '^1.0.3', ecurve: '^1.0.2' },
18 silly publish   readme: '# SPS Client\n\nThis is a Node.js client for Secure Polling System. Works in the browser with help from browserify.\n\n## Example\n\n```js\nvar SPSClient = require(\'./\')\n\nvar client = SPSClient()\nclient.generateKeypair()\n\nvar msg = \'I love ice cream\'\nvar regSig = \'iamregistrar\'\n\nclient.screed(msg, regSig, function (err, screed) {\n  if (err) throw err\n  console.log(screed)\n})\n```\n\n### ```client.generateKeypair()````\n\nGenerates a new [elliptic curve keypair](https://github.com/bitchan/eccrypto).\n\n### ```client.screed(msg, registrarSignature, cb)```\n\nCreate a SPS screed for the given message. Requires a registrar signature, which will be included in the screed. cb returns (err, screed)\n\n\n',
18 silly publish   readmeFilename: 'README.md',
18 silly publish   gitHead: '18397332961dc06606c36eea659a64fac7b266ca',
18 silly publish   _id: 'sps-client@1.0.0',
18 silly publish   _shasum: 'bda350ba572171a5e40db0ee9c389b1349bff9db',
18 silly publish   _from: '.' }
19 verbose getPublishConfig undefined
20 silly mapToRegistry name sps-client
21 silly mapToRegistry using default registry
22 silly mapToRegistry registry https://registry.npmjs.org/
23 silly mapToRegistry uri https://registry.npmjs.org/sps-client
24 verbose publish registryBase https://registry.npmjs.org/
25 silly publish uploading /home/slam/.npm/sps-client/1.0.0/package.tgz
26 verbose stack Error: auth required for publishing
26 verbose stack     at CachingRegistryClient.publish (/usr/local/lib/node_modules/npm/node_modules/npm-registry-client/lib/publish.js:30:14)
26 verbose stack     at /usr/local/lib/node_modules/npm/lib/publish.js:137:14
26 verbose stack     at mapToRegistry (/usr/local/lib/node_modules/npm/lib/utils/map-to-registry.js:55:3)
26 verbose stack     at publish_ (/usr/local/lib/node_modules/npm/lib/publish.js:106:3)
26 verbose stack     at Array.<anonymous> (/usr/local/lib/node_modules/npm/node_modules/slide/lib/bind-actor.js:15:8)
26 verbose stack     at LOOP (/usr/local/lib/node_modules/npm/node_modules/slide/lib/chain.js:15:14)
26 verbose stack     at LOOP (/usr/local/lib/node_modules/npm/node_modules/slide/lib/chain.js:14:28)
26 verbose stack     at chain (/usr/local/lib/node_modules/npm/node_modules/slide/lib/chain.js:20:5)
26 verbose stack     at /usr/local/lib/node_modules/npm/lib/publish.js:72:5
26 verbose stack     at RES (/usr/local/lib/node_modules/npm/node_modules/inflight/inflight.js:23:14)
27 verbose cwd /home/slam/hack/gocode/src/github.com/securepollingsystem/client
28 error Linux 3.13.0-37-generic
29 error argv "/usr/local/bin/node" "/usr/local/bin/npm" "publish"
30 error node v5.3.0
31 error npm  v3.5.2
32 error code ENEEDAUTH
33 error need auth auth required for publishing
34 error need auth You need to authorize this machine using `npm adduser`
35 verbose exit [ 1, true ]
